UG to STEP
! INFO-     NX STEP AP242 - V2206.1700
! INFO-      
! INFO-     Start of Translation: 12-APR-2023  9:48:08 AM
! INFO-      
! STATUS-   Converting Part: C:\Users\kranzp\Documents\KoPro\CAD\07142022_Duplo_STEP214\bg_U_x_asm_stp.prt
! STATUS-    
! STATUS-   Converting to Output Form (Phase 2 of 3): 12-APR-2023 9:48:08 AM
! STATUS-    
! INFO-     Bspline aprx. value in effect for this translation :0.000025  meters 
! INFO-      
! INFO-           Summary of STEP Entities 
! INFO-      
! INFO-     Entity Type                                                   Count 
! INFO-     -----------                                                   ------ 
! INFO-     advanced_brep_shape_representation .......................:   3 
! INFO-     advanced_face ............................................:   2476 
! INFO-     application_context ......................................:   1 
! INFO-     application_protocol_definition ..........................:   1 
! INFO-     axis2_placement_3d .......................................:   3280 
! INFO-     b_spline_curve_with_knots ................................:   4856 
! INFO-     b_spline_surface_with_knots ..............................:   96 
! INFO-     b_spline_surface_with_knots_and_rational_b_spline_surface :   240 
! INFO-     camera_model_d3 ..........................................:   32 
! INFO-     cartesian_point ..........................................:   100149 
! INFO-     circle ...................................................:   1072 
! INFO-     closed_shell .............................................:   3 
! INFO-     colour_rgb ...............................................:   1 
! INFO-     context_dependent_shape_representation ...................:   3 
! INFO-     curve_style ..............................................:   5 
! INFO-     cylindrical_surface ......................................:   964 
! INFO-     default_model_geometric_view .............................:   4 
! INFO-     derived_unit .............................................:   12 
! INFO-     derived_unit_element .....................................:   12 
! INFO-     direction ................................................:   7083 
! INFO-     draughting_model .........................................:   33 
! INFO-     draughting_pre_defined_colour ............................:   2 
! INFO-     draughting_pre_defined_curve_font ........................:   5 
! INFO-     edge_curve ...............................................:   6446 
! INFO-     edge_loop ................................................:   2664 
! INFO-     face_bound ...............................................:   2664 
! INFO-     fill_area_style ..........................................:   3 
! INFO-     fill_area_style_colour ...................................:   3 
! INFO-     geometrically_bounded_wireframe_shape_representation .....:   3 
! INFO-     geometric_curve_set ......................................:   8 
! INFO-     geometric_item_specific_usage ............................:   2479 
! INFO-     geometric_representation_context_and_global_uncertainty_a :   4 
! INFO-     integer_representation_item ..............................:   5 
! INFO-     item_defined_transformation ..............................:   3 
! INFO-     length_unit_and_si_unit ..................................:   1 
! INFO-     line .....................................................:   523 
! INFO-     manifold_solid_brep ......................................:   3 
! INFO-     mapped_item ..............................................:   33 
! INFO-     measure_representation_item ..............................:   12 
! INFO-     mechanical_design_and_draughting_relationship ............:   32 
! INFO-     mechanical_design_geometric_presentation_representation ..:   1 
! INFO-     next_assembly_usage_occurrence ...........................:   3 
! INFO-     oriented_edge ............................................:   12892 
! INFO-     planar_box ...............................................:   32 
! INFO-     plane ....................................................:   752 
! INFO-     plane_angle_unit_and_si_unit .............................:   1 
! INFO-     presentation_style_assignment ............................:   8 
! INFO-     product ..................................................:   4 
! INFO-     product_category .........................................:   4 
! INFO-     product_context ..........................................:   4 
! INFO-     product_definition .......................................:   4 
! INFO-     product_definition_context ...............................:   4 
! INFO-     product_definition_formation_with_specified_source .......:   4 
! INFO-     product_definition_shape .................................:   7 
! INFO-     product_related_product_category .........................:   4 
! INFO-     property_definition ......................................:   2488 
! INFO-     property_definition_representation .......................:   2488 
! INFO-     representation ...........................................:   2488 
! INFO-     representation_map .......................................:   33 
! INFO-     representation_relationship_with_transformation_and_shape :   3 
! INFO-     shape_aspect .............................................:   2479 
! INFO-     shape_definition_representation ..........................:   4 
! INFO-     shape_representation .....................................:   4 
! INFO-     shape_representation_relationship ........................:   6 
! INFO-     si_unit_and_solid_angle_unit .............................:   1 
! INFO-     spherical_surface ........................................:   112 
! INFO-     styled_item ..............................................:   8 
! INFO-     surface_side_style .......................................:   3 
! INFO-     surface_style_fill_area ..................................:   3 
! INFO-     surface_style_usage ......................................:   3 
! INFO-     toroidal_surface .........................................:   312 
! INFO-     trimmed_curve ............................................:   5 
! INFO-     uncertainty_measure_with_unit ............................:   4 
! INFO-     vector ...................................................:   523 
! INFO-     vertex_point .............................................:   4164 
! INFO-     view_volume ..............................................:   32 
! INFO-                                                                  ------- 
! INFO-     Total                                                         164106 
! INFO-      
! INFO-     End of Translation: 12-APR-2023  9:48:14 AM
! INFO-      
UG to STEP
! INFO-     NX STEP AP242 - V2206.1700
! INFO-      
! INFO-     Start of Translation: 12-APR-2023  9:48:22 AM
! INFO-      
! STATUS-   Converting Part: C:\Users\kranzp\Documents\KoPro\CAD\07142022_Duplo_STEP214\bg_U_x_asm_stp.prt
! STATUS-    
! STATUS-   Converting to Output Form (Phase 2 of 3): 12-APR-2023 9:48:22 AM
! STATUS-    
! INFO-     Bspline aprx. value in effect for this translation :0.000025  meters 
! INFO-      
! INFO-           Summary of STEP Entities 
! INFO-      
! INFO-     Entity Type                                                   Count 
! INFO-     -----------                                                   ------ 
! INFO-     advanced_brep_shape_representation .......................:   3 
! INFO-     advanced_face ............................................:   2476 
! INFO-     application_context ......................................:   1 
! INFO-     application_protocol_definition ..........................:   1 
! INFO-     axis2_placement_3d .......................................:   3280 
! INFO-     b_spline_curve_with_knots ................................:   4856 
! INFO-     b_spline_surface_with_knots ..............................:   96 
! INFO-     b_spline_surface_with_knots_and_rational_b_spline_surface :   240 
! INFO-     camera_model_d3 ..........................................:   32 
! INFO-     cartesian_point ..........................................:   100149 
! INFO-     circle ...................................................:   1072 
! INFO-     closed_shell .............................................:   3 
! INFO-     colour_rgb ...............................................:   1 
! INFO-     context_dependent_shape_representation ...................:   3 
! INFO-     curve_style ..............................................:   5 
! INFO-     cylindrical_surface ......................................:   964 
! INFO-     default_model_geometric_view .............................:   4 
! INFO-     derived_unit .............................................:   12 
! INFO-     derived_unit_element .....................................:   12 
! INFO-     direction ................................................:   7083 
! INFO-     draughting_model .........................................:   33 
! INFO-     draughting_pre_defined_colour ............................:   2 
! INFO-     draughting_pre_defined_curve_font ........................:   5 
! INFO-     edge_curve ...............................................:   6446 
! INFO-     edge_loop ................................................:   2664 
! INFO-     face_bound ...............................................:   2664 
! INFO-     fill_area_style ..........................................:   3 
! INFO-     fill_area_style_colour ...................................:   3 
! INFO-     geometrically_bounded_wireframe_shape_representation .....:   3 
! INFO-     geometric_curve_set ......................................:   8 
! INFO-     geometric_item_specific_usage ............................:   2479 
! INFO-     geometric_representation_context_and_global_uncertainty_a :   4 
! INFO-     integer_representation_item ..............................:   5 
! INFO-     item_defined_transformation ..............................:   3 
! INFO-     length_unit_and_si_unit ..................................:   1 
! INFO-     line .....................................................:   523 
! INFO-     manifold_solid_brep ......................................:   3 
! INFO-     mapped_item ..............................................:   33 
! INFO-     measure_representation_item ..............................:   12 
! INFO-     mechanical_design_and_draughting_relationship ............:   32 
! INFO-     mechanical_design_geometric_presentation_representation ..:   1 
! INFO-     next_assembly_usage_occurrence ...........................:   3 
! INFO-     oriented_edge ............................................:   12892 
! INFO-     planar_box ...............................................:   32 
! INFO-     plane ....................................................:   752 
! INFO-     plane_angle_unit_and_si_unit .............................:   1 
! INFO-     presentation_style_assignment ............................:   8 
! INFO-     product ..................................................:   4 
! INFO-     product_category .........................................:   4 
! INFO-     product_context ..........................................:   4 
! INFO-     product_definition .......................................:   4 
! INFO-     product_definition_context ...............................:   4 
! INFO-     product_definition_formation_with_specified_source .......:   4 
! INFO-     product_definition_shape .................................:   7 
! INFO-     product_related_product_category .........................:   4 
! INFO-     property_definition ......................................:   2488 
! INFO-     property_definition_representation .......................:   2488 
! INFO-     representation ...........................................:   2488 
! INFO-     representation_map .......................................:   33 
! INFO-     representation_relationship_with_transformation_and_shape :   3 
! INFO-     shape_aspect .............................................:   2479 
! INFO-     shape_definition_representation ..........................:   4 
! INFO-     shape_representation .....................................:   4 
! INFO-     shape_representation_relationship ........................:   6 
! INFO-     si_unit_and_solid_angle_unit .............................:   1 
! INFO-     spherical_surface ........................................:   112 
! INFO-     styled_item ..............................................:   8 
! INFO-     surface_side_style .......................................:   3 
! INFO-     surface_style_fill_area ..................................:   3 
! INFO-     surface_style_usage ......................................:   3 
! INFO-     toroidal_surface .........................................:   312 
! INFO-     trimmed_curve ............................................:   5 
! INFO-     uncertainty_measure_with_unit ............................:   4 
! INFO-     vector ...................................................:   523 
! INFO-     vertex_point .............................................:   4164 
! INFO-     view_volume ..............................................:   32 
! INFO-                                                                  ------- 
! INFO-     Total                                                         164106 
! INFO-      
! INFO-     End of Translation: 12-APR-2023  9:48:27 AM
! INFO-      
